This is e-upTeX, Version 3.141592653-p4.1.1-u1.30-230214-2.6 (utf8.uptex) (TeX Live 2024) (preloaded format=uplatex 2024.5.19)  1 JUL 2024 19:32
entering extended mode
 restricted \write18 enabled.
 file:line:error style messages enabled.
 %&-line parsing enabled.
**aframe.tex
(./aframe.tex
pLaTeX2e <2023-02-14u04>+1, based on
LaTeX2e <2023-11-01> patch level 1
L3 programming layer <2024-04-11>
./aframe.tex:1: Undefined control sequence.
l.1 \subsection
               {ポインタと配列(その1)} 
Here is how much of TeX's memory you used:
 15 strings out of 476156
 288 string characters out of 5792954
 1918596 words of memory out of 5000000
 22426 multiletter control sequences out of 15000+600000
 560710 words of font info for 54 fonts, out of 8000000 for 9000
 36 hyphenation exceptions out of 8191
 15i,0n,23p,89b,18s stack positions out of 10000i,1000n,20000p,200000b,200000s

No pages of output.
